<?xml version="1.0" encoding="utf-8" standalone="no"?>
<!--This file represents the results of running a test suite-->
<test-results name="d:\Temp\delme_laborator\DemoCoverageNunit\TestNUnit\bin\Debug\TestNUnit.dll" total="8" errors="0" failures="0" not-run="0" inconclusive="0" ignored="0" skipped="0" invalid="0" date="2013-10-20" time="19:25:22">
  <environment nunit-version="2.5.10.11092" clr-version="4.0.30319.18052" os-version="Microsoft Windows NT 6.1.7601 Service Pack 1" platform="Win32NT" cwd="d:\Temp\delme_laborator\DemoCoverageNunit" machine-name="LMS-UNITBV" user="Lucian" user-domain="lms-unitbv" />
  <culture-info current-culture="en-US" current-uiculture="en-US" />
  <test-suite type="Assembly" name="d:\Temp\delme_laborator\DemoCoverageNunit\TestNUnit\bin\Debug\TestNUnit.dll" executed="True" result="Success" success="True" time="0.106" asserts="0">
    <results>
      <test-suite type="Namespace" name="TestNUnit" executed="True" result="Success" success="True" time="0.098" asserts="0">
        <results>
          <test-suite type="TestFixture" name="TestColassVectorWithNUnit" executed="True" result="Success" success="True" time="0.095" asserts="0">
            <results>
              <test-case name="TestNUnit.TestColassVectorWithNUnit.TestConstructorEmptyContents" executed="True" result="Success" success="True" time="0.041" asserts="0" />
              <test-case name="TestNUnit.TestColassVectorWithNUnit.TestConstructorNullContents" executed="True" result="Success" success="True" time="0.002" asserts="0" />
              <test-case name="TestNUnit.TestColassVectorWithNUnit.TestConstructorWithContents" executed="True" result="Success" success="True" time="0.011" asserts="4" />
              <test-case name="TestNUnit.TestColassVectorWithNUnit.TestConstructorWithLegalSize" executed="True" result="Success" success="True" time="0.007" asserts="1" />
              <test-case name="TestNUnit.TestColassVectorWithNUnit.TestIndexer" executed="True" result="Success" success="True" time="0.000" asserts="4" />
              <test-case name="TestNUnit.TestColassVectorWithNUnit.TestLength" executed="True" result="Success" success="True" time="0.000" asserts="1" />
              <test-case name="TestNUnit.TestColassVectorWithNUnit.TestMethodConstructorWithNegativeLength" executed="True" result="Success" success="True" time="0.002" asserts="0" />
              <test-case name="TestNUnit.TestColassVectorWithNUnit.TestMethodWithLegalSize" executed="True" result="Success" success="True" time="0.001" asserts="1" />
            </results>
          </test-suite>
        </results>
      </test-suite>
    </results>
  </test-suite>
</test-results>