<?xml version="1.0" encoding="UTF-8"?>
<TestRun id="a439927c-5e41-4e33-bb77-c57a979417fd" name="Lucian@LMS-UNITBV 2011-12-19 07:27:07" runUser="lms-unitbv\Lucian" xmlns="http://microsoft.com/schemas/VisualStudio/TeamTest/2010">
  <TestSettings name="Local" id="2343c028-4ced-4602-b612-ebc4647c07ce">
    <Description>These are default test settings for a local test run.</Description>
    <Deployment enabled="false" runDeploymentRoot="Lucian_LMS-UNITBV 2011-12-19 07_27_07">
      <DeploymentItem filename="d:\Work\school\cursuri\ASSE\2011-2012\Laborator\Laborator 11\delme\Rhino.Mocks.GettingStarted\Documentation\lib\Rhino.Mocks.dll" />
      <DeploymentItem filename="d:\Work\school\cursuri\ASSE\2011-2012\Laborator\Laborator 11\cod\DemoMocking\DemoMocking\bin\Debug\DemoMocking.dll" />
    </Deployment>
    <Execution>
      <TestTypeSpecific />
      <AgentRule name="Execution Agents">
      </AgentRule>
    </Execution>
  </TestSettings>
  <Times creation="2011-12-19T07:27:07.8578947+02:00" queuing="2011-12-19T07:27:07.8968970+02:00" start="2011-12-19T07:27:07.9158980+02:00" finish="2011-12-19T07:27:08.4209269+02:00" />
  <ResultSummary outcome="Completed">
    <Counters total="2" executed="2" passed="2" error="0" failed="0" timeout="0" aborted="0" inconclusive="0" passedButRunAborted="0" notRunnable="0" notExecuted="0" disconnected="0" warning="0" completed="0" inProgress="0" pending="0" />
  </ResultSummary>
  <TestDefinitions>
    <UnitTest name="TestMethodNight" storage="d:\work\school\cursuri\asse\2011-2012\laborator\laborator 11\cod\demomocking\teswithmock\bin\debug\teswithmock.dll" id="06c71767-8b40-8f83-639b-626d6e2a0bce">
      <Execution id="6029feaa-000a-4ebd-bdef-22d6710c7d98" />
      <TestMethod codeBase="d:/Work/school/cursuri/ASSE/2011-2012/Laborator/Laborator 11/cod/DemoMocking/TesWithMock/bin/Debug/TesWithMock.DLL" adapterTypeName="Microsoft.VisualStudio.TestTools.TestTypes.Unit.UnitTestAdapter, Microsoft.VisualStudio.QualityTools.Tips.UnitTest.Adapter, Version=10.0.0.0, Culture=neutral, PublicKeyToken=b03f5f7f11d50a3a" className="TesWithMock.UnitTest1, TesWithMock, Version=1.0.0.0, Culture=neutral, PublicKeyToken=null" name="TestMethodNight" />
    </UnitTest>
    <UnitTest name="TestMethodDay" storage="d:\work\school\cursuri\asse\2011-2012\laborator\laborator 11\cod\demomocking\teswithmock\bin\debug\teswithmock.dll" id="6f0330f0-c090-0e4b-7b36-04c42e3446ef">
      <Execution id="cbbc5222-aff9-4de1-a4e9-fdf2fa51956e" />
      <TestMethod codeBase="d:/Work/school/cursuri/ASSE/2011-2012/Laborator/Laborator 11/cod/DemoMocking/TesWithMock/bin/Debug/TesWithMock.DLL" adapterTypeName="Microsoft.VisualStudio.TestTools.TestTypes.Unit.UnitTestAdapter, Microsoft.VisualStudio.QualityTools.Tips.UnitTest.Adapter, Version=10.0.0.0, Culture=neutral, PublicKeyToken=b03f5f7f11d50a3a" className="TesWithMock.UnitTest1, TesWithMock, Version=1.0.0.0, Culture=neutral, PublicKeyToken=null" name="TestMethodDay" />
    </UnitTest>
  </TestDefinitions>
  <TestLists>
    <TestList name="Results Not in a List" id="8c84fa94-04c1-424b-9868-57a2d4851a1d" />
    <TestList name="All Loaded Results" id="19431567-8539-422a-85d7-44ee4e166bda" />
  </TestLists>
  <TestEntries>
    <TestEntry testId="06c71767-8b40-8f83-639b-626d6e2a0bce" executionId="6029feaa-000a-4ebd-bdef-22d6710c7d98" testListId="8c84fa94-04c1-424b-9868-57a2d4851a1d" />
    <TestEntry testId="6f0330f0-c090-0e4b-7b36-04c42e3446ef" executionId="cbbc5222-aff9-4de1-a4e9-fdf2fa51956e" testListId="8c84fa94-04c1-424b-9868-57a2d4851a1d" />
  </TestEntries>
  <Results>
    <UnitTestResult executionId="6029feaa-000a-4ebd-bdef-22d6710c7d98" testId="06c71767-8b40-8f83-639b-626d6e2a0bce" testName="TestMethodNight" computerName="LMS-UNITBV" duration="00:00:00.1951723" startTime="2011-12-19T07:27:07.9458998+02:00" endTime="2011-12-19T07:27:08.3819247+02:00" testType="13cdc9d9-ddb5-4fa4-a97d-d965ccfc6d4b" outcome="Passed" testListId="8c84fa94-04c1-424b-9868-57a2d4851a1d" relativeResultsDirectory="6029feaa-000a-4ebd-bdef-22d6710c7d98">
    </UnitTestResult>
    <UnitTestResult executionId="cbbc5222-aff9-4de1-a4e9-fdf2fa51956e" testId="6f0330f0-c090-0e4b-7b36-04c42e3446ef" testName="TestMethodDay" computerName="LMS-UNITBV" duration="00:00:00.0025030" startTime="2011-12-19T07:27:08.3859249+02:00" endTime="2011-12-19T07:27:08.3979256+02:00" testType="13cdc9d9-ddb5-4fa4-a97d-d965ccfc6d4b" outcome="Passed" testListId="8c84fa94-04c1-424b-9868-57a2d4851a1d" relativeResultsDirectory="cbbc5222-aff9-4de1-a4e9-fdf2fa51956e">
    </UnitTestResult>
  </Results>
</TestRun>